2	sco_gbff_22	SVEN_7454	sco_gbff_22	0.929	2e-34	1
1	sco_gbff_49	SVEN_0665	sco_gbff_49	0.883	6e-151	1
3	sco_gbff_75	SVEN_0664	sco_gbff_75	0.851	4e-94	1
0	sco_gbff_100	SVEN_3810	sco_gbff_100	0.811	2e-12	1
1	sco_gbff_105	SVEN_5758	sco_gbff_105	0.817	3e-124	1
3	sco_gbff_131	SVEN_3572	sco_gbff_131	0.773	1e-171	1
1	sco_gbff_137	SVEN_7412	sco_gbff_137	0.903	5e-73	1
0	sco_gbff_148	SVEN_0136	sco_gbff_148	0.838	0.0	1
3	sco_gbff_147	SVEN_0135	sco_gbff_147	0.855	0.0	1
2	sco_gbff_194	SVEN_3042	sco_gbff_194	0.756	2e-76	1
1	sco_gbff_197	SVEN_2286	sco_gbff_2481	0.748	0.0	0
3	sco_gbff_211	SVEN_7335	sco_gbff_211	0.817	7e-125	1
2	sco_gbff_254	SVEN_6518	sco_gbff_254	0.816	0.0	1
3	sco_gbff_243	SVEN_6875	sco_gbff_243	0.818	7e-171	1
1	sco_gbff_265	SVEN_7119	sco_gbff_265	0.742	4e-81	1
0	sco_gbff_284	SVEN_0028	sco_gbff_284	0.877	0.0	1
1	sco_gbff_269	SVEN_6549	sco_gbff_269	0.856	0.0	1
3	sco_gbff_271	SVEN_6551	sco_gbff_271	0.805	7e-136	1
0	sco_gbff_300	SVEN_7224	sco_gbff_300	0.849	0.0	1
2	sco_gbff_302	SVEN_7226	sco_gbff_302	0.775	0.0	1
1	sco_gbff_285	SVEN_0029	sco_gbff_285	0.879	0.0	1
2	sco_gbff_310	SVEN_6569	sco_gbff_310	0.842	0.0	1
3	sco_gbff_303	SVEN_7147	sco_gbff_303	0.835	0.0	1
1	sco_gbff_301	SVEN_7225	sco_gbff_301	0.857	0.0	1
0	sco_gbff_344	SVEN_4902	sco_gbff_6264	0.925	2e-08	0
2	sco_gbff_370	SVEN_7199	sco_gbff_370	0.888	0.0	1
0	sco_gbff_376	SVEN_7193	sco_gbff_376	0.856	0.0	1
0	sco_gbff_380	SVEN_7189	sco_gbff_380	0.901	0.0	1
2	sco_gbff_374	SVEN_7195	sco_gbff_374	0.909	0.0	1
3	sco_gbff_371	SVEN_7198	sco_gbff_371	0.891	0.0	1
1	sco_gbff_369	SVEN_7200	sco_gbff_369	0.860	0.0	1
0	sco_gbff_384	SVEN_7185	sco_gbff_384	0.882	0.0	1
2	sco_gbff_378	SVEN_7191	sco_gbff_378	0.842	0.0	1
3	sco_gbff_375	SVEN_7194	sco_gbff_375	0.879	0.0	1
1	sco_gbff_373	SVEN_7196	sco_gbff_373	0.795	0.0	1
0	sco_gbff_388	SVEN_7181	sco_gbff_388	0.869	6e-175	1
2	sco_gbff_382	SVEN_7187	sco_gbff_382	0.886	0.0	1
3	sco_gbff_379	SVEN_7190	sco_gbff_379	0.869	0.0	1
1	sco_gbff_377	SVEN_7192	sco_gbff_377	0.828	0.0	1
2	sco_gbff_386	SVEN_7183	sco_gbff_386	0.890	0.0	1
3	sco_gbff_383	SVEN_7186	sco_gbff_383	0.896	0.0	1
0	sco_gbff_396	SVEN_7432	sco_gbff_396	0.861	0.0	1
1	sco_gbff_381	SVEN_7188	sco_gbff_381	0.919	0.0	1
2	sco_gbff_390	SVEN_7179	sco_gbff_390	0.798	3e-114	1
3	sco_gbff_387	SVEN_7182	sco_gbff_387	0.825	0.0	1
1	sco_gbff_385	SVEN_7184	sco_gbff_385	0.838	0.0	1
2	sco_gbff_394	SVEN_6567	sco_gbff_394	0.803	1e-147	1
3	sco_gbff_395	SVEN_6568	sco_gbff_395	0.793	0.0	1
1	sco_gbff_389	SVEN_7180	sco_gbff_389	0.888	0.0	1
0	sco_gbff_440	SVEN_0646	sco_gbff_440	0.848	0.0	1
1	sco_gbff_409	SVEN_1822	sco_gbff_409	0.726	3e-45	1
0	sco_gbff_452	SVEN_4747	sco_gbff_5089	0.767	4e-17	0
1	sco_gbff_429	SVEN_0997	sco_gbff_429	0.787	2e-101	1
0	sco_gbff_456	SVEN_6520	sco_gbff_456	0.797	0.0	1
2	sco_gbff_470	SVEN_3388	sco_gbff_7243	0.840	3e-164	0
1	sco_gbff_457	SVEN_6521	sco_gbff_457	0.800	3e-88	1
0	sco_gbff_480	SVEN_7059	sco_gbff_3218	0.761	2e-112	0
2	sco_gbff_486	SVEN_7057	sco_gbff_486	0.855	0.0	1
3	sco_gbff_487	SVEN_7056	sco_gbff_487	0.860	0.0	1
2	sco_gbff_494	SVEN_6965	sco_gbff_494	0.840	0.0	1
0	sco_gbff_492	SVEN_0462	sco_gbff_5903	0.770	1e-170	0
1	sco_gbff_481	SVEN_5110	sco_gbff_5434	0.857	3e-13	0
0	sco_gbff_504	SVEN_0212	sco_gbff_504	0.783	3e-171	1
3	sco_gbff_515	SVEN_0461	sco_gbff_3733	0.874	6e-62	0
2	sco_gbff_518	SVEN_7366	sco_gbff_518	0.755	4e-89	1
3	sco_gbff_519	SVEN_7365	sco_gbff_519	0.782	2e-178	1
0	sco_gbff_512	SVEN_1977	sco_gbff_512	0.808	0.0	1
1	sco_gbff_497	SVEN_1253	sco_gbff_1648	0.745	7e-149	0
2	sco_gbff_522	SVEN_7362	sco_gbff_522	0.784	3e-88	1
3	sco_gbff_523	SVEN_7361	sco_gbff_523	0.801	0.0	1
0	sco_gbff_516	SVEN_0216	sco_gbff_516	0.791	2e-76	1
1	sco_gbff_501	SVEN_0302	sco_gbff_501	0.805	0.0	1
0	sco_gbff_532	SVEN_2384	sco_gbff_532	0.787	2e-35	1
3	sco_gbff_543	SVEN_0400	sco_gbff_543	0.758	0.0	1
1	sco_gbff_521	SVEN_4899	sco_gbff_521	0.766	4e-79	1
2	sco_gbff_550	SVEN_2180	sco_gbff_2353	0.837	0.0	0
3	sco_gbff_551	SVEN_6671	sco_gbff_551	0.818	0.0	1
0	sco_gbff_548	SVEN_7337	sco_gbff_548	0.853	0.0	1
1	sco_gbff_533	SVEN_0630	sco_gbff_533	0.790	0.0	1
3	sco_gbff_559	SVEN_1271	sco_gbff_1664	0.732	5e-100	0
0	sco_gbff_552	SVEN_0056	sco_gbff_552	0.817	0.0	1
0	sco_gbff_588	SVEN_0364	sco_gbff_588	0.829	0.0	1
1	sco_gbff_601	SVEN_7108	sco_gbff_601	0.841	0.0	1
0	sco_gbff_608	SVEN_3802	sco_gbff_608	0.826	4e-55	1
2	sco_gbff_654	SVEN_7254	sco_gbff_654	0.815	0.0	1
3	sco_gbff_643	SVEN_6855	sco_gbff_643	0.801	1e-46	1
0	sco_gbff_624	SVEN_6401	sco_gbff_6700	0.723	5e-41	0
2	sco_gbff_658	SVEN_7227	sco_gbff_658	0.802	0.0	1
3	sco_gbff_651	SVEN_4443	sco_gbff_651	0.751	4e-35	1
2	sco_gbff_662	SVEN_6746	sco_gbff_5915	0.760	5e-120	0
3	sco_gbff_655	SVEN_7230	sco_gbff_655	0.768	2e-136	1
3	sco_gbff_663	SVEN_7319	sco_gbff_663	0.763	3e-149	1
2	sco_gbff_678	SVEN_6843	sco_gbff_678	0.774	2e-153	1
0	sco_gbff_656	SVEN_7229	sco_gbff_656	0.808	0.0	1
1	sco_gbff_669	SVEN_2304	sco_gbff_669	0.864	0.0	1
3	sco_gbff_679	SVEN_6844	sco_gbff_679	0.746	0.0	1
2	sco_gbff_694	SVEN_6298	sco_gbff_694	0.739	6e-64	1
0	sco_gbff_664	SVEN_1526	sco_gbff_664	0.746	2e-62	1
1	sco_gbff_677	SVEN_6842	sco_gbff_677	0.758	7e-61	1
2	sco_gbff_698	SVEN_4609	sco_gbff_698	0.800	3e-10	1
1	sco_gbff_697	SVEN_3906	sco_gbff_697	0.828	2e-08	1
1	sco_gbff_701	SVEN_0199	sco_gbff_701	0.836	0.0	1
3	sco_gbff_715	SVEN_4366	sco_gbff_715	0.809	8e-171	1
0	sco_gbff_704	SVEN_6505	sco_gbff_7539	0.749	4e-16	0
0	sco_gbff_716	SVEN_5963	sco_gbff_716	0.801	3e-100	1
1	sco_gbff_725	SVEN_2990	sco_gbff_725	0.758	6e-97	1
3	sco_gbff_739	SVEN_1525	sco_gbff_4105	0.772	8e-16	0
0	sco_gbff_724	SVEN_4563	sco_gbff_724	0.781	2e-115	1
1	sco_gbff_729	SVEN_1275	sco_gbff_729	0.875	0.0	1
3	sco_gbff_743	SVEN_6467	sco_gbff_743	0.822	0.0	1
0	sco_gbff_728	SVEN_1274	sco_gbff_728	0.827	3e-158	1
1	sco_gbff_737	SVEN_5998	sco_gbff_737	0.786	1e-129	1
2	sco_gbff_782	SVEN_0624	sco_gbff_782	0.798	0.0	1
3	sco_gbff_755	SVEN_0752	sco_gbff_755	0.734	4e-19	1
0	sco_gbff_744	SVEN_6466	sco_gbff_744	0.780	0.0	1
2	sco_gbff_794	SVEN_6657	sco_gbff_794	0.788	0.0	1
1	sco_gbff_765	SVEN_0142	sco_gbff_765	0.773	1e-144	1
3	sco_gbff_775	SVEN_7341	sco_gbff_775	0.843	0.0	1
2	sco_gbff_802	SVEN_6652	sco_gbff_802	0.728	1e-116	1
1	sco_gbff_777	SVEN_0323	sco_gbff_777	0.791	0.0	1
3	sco_gbff_791	SVEN_3475	sco_gbff_791	0.721	2e-33	1
0	sco_gbff_784	SVEN_0137	sco_gbff_784	0.750	2e-123	1
3	sco_gbff_803	SVEN_6651	sco_gbff_803	0.851	3e-110	1
1	sco_gbff_793	SVEN_6971	sco_gbff_793	0.813	0.0	1
2	sco_gbff_846	SVEN_6548	sco_gbff_846	0.913	1e-146	1
0	sco_gbff_800	SVEN_6655	sco_gbff_800	0.821	0.0	1
1	sco_gbff_801	SVEN_6653	sco_gbff_801	0.854	0.0	1
0	sco_gbff_804	SVEN_6650	sco_gbff_804	0.846	0.0	1
3	sco_gbff_827	SVEN_6956	sco_gbff_827	0.797	0.0	1
2	sco_gbff_862	SVEN_3454	sco_gbff_3506	0.844	1e-172	0
0	sco_gbff_816	SVEN_1965	sco_gbff_2273	0.775	0.0	0
1	sco_gbff_829	SVEN_6958	sco_gbff_829	0.808	0.0	1
3	sco_gbff_883	SVEN_5499	sco_gbff_5803	0.822	1e-44	0
1	sco_gbff_869	SVEN_6891	sco_gbff_869	0.845	0.0	1
1	sco_gbff_873	SVEN_6883	sco_gbff_873	0.817	3e-77	1
3	sco_gbff_895	SVEN_0180	sco_gbff_895	0.784	1e-159	1
0	sco_gbff_880	SVEN_1595	sco_gbff_1951	0.810	0.0	0
3	sco_gbff_899	SVEN_6869	sco_gbff_899	0.807	0.0	1
0	sco_gbff_888	SVEN_0249	sco_gbff_888	0.754	1e-150	1
